0 info it worked if it ends with ok
1 verbose cli [ 'node',
1 verbose cli   'C:\\Users\\ruk\\AppData\\Roaming\\npm\\node_modules\\npm\\bin\\npm-cli.js',
1 verbose cli   'start' ]
2 info using npm@3.3.3
3 info using node@v0.12.7
4 verbose run-script [ 'prestart', 'start', 'poststart' ]
5 info lifecycle rukmyapp@1.0.0~prestart: rukmyapp@1.0.0
6 silly lifecycle rukmyapp@1.0.0~prestart: no script for prestart, continuing
7 info lifecycle rukmyapp@1.0.0~start: rukmyapp@1.0.0
8 verbose lifecycle rukmyapp@1.0.0~start: unsafe-perm in lifecycle true
9 verbose lifecycle rukmyapp@1.0.0~start: PATH: C:\Users\ruk\AppData\Roaming\npm\node_modules\npm\bin\node-gyp-bin;C:\Appl\nodejs\rukmyapp\node_modules\.bin;C:\Users\ruk\AppData\Roaming\npm;C:\Program Files\nodejs\;C:\ProgramData\Oracle\Java\javapath;C:\Oracle\ora11_32\bin;C:\WINDOWS\system32;C:\WINDOWS;C:\WINDOWS\System32\Wbem;C:\Program Files (x86)\Utils;C:\Program Files (x86)\Microsoft Application Virtualization Client;C:\WINDOWS\System32\WindowsPowerShell\v1.0\;C:\Program Files (x86)\Windows Kits\8.1\Windows Performance Toolkit\;C:\Program Files\Microsoft SQL Server\110\Tools\Binn\;C:\WINDOWS\System32\WindowsPowerShell\v1.0\;C:\Program Files\Java\jre1.8.0_51\bin\;C:\Program Files (x86)\Java\jre1.8.0_51\bin\;C:\Program Files\nodejs\;C:\Users\ruk\.dnx\bin;C:\Program Files\Microsoft DNX\Dnvm\;C:\Program Files\Git\cmd;C:\Users\ruk\AppData\Roaming\npm;C:\Program Files (x86)\Microsoft VS Code\bin
10 verbose lifecycle rukmyapp@1.0.0~start: CWD: C:\Appl\nodejs\rukmyapp
11 silly lifecycle rukmyapp@1.0.0~start: Args: [ '/d /s /c', 'node index.js' ]
12 silly lifecycle rukmyapp@1.0.0~start: Returned: code: 1  signal: null
13 info lifecycle rukmyapp@1.0.0~start: Failed to exec start script
14 verbose stack Error: rukmyapp@1.0.0 start: `node index.js`
14 verbose stack Exit status 1
14 verbose stack     at EventEmitter.<anonymous> (C:\Users\ruk\AppData\Roaming\npm\node_modules\npm\lib\utils\lifecycle.js:233:16)
14 verbose stack     at EventEmitter.emit (events.js:110:17)
14 verbose stack     at ChildProcess.<anonymous> (C:\Users\ruk\AppData\Roaming\npm\node_modules\npm\lib\utils\spawn.js:24:14)
14 verbose stack     at ChildProcess.emit (events.js:110:17)
14 verbose stack     at maybeClose (child_process.js:1015:16)
14 verbose stack     at Process.ChildProcess._handle.onexit (child_process.js:1087:5)
15 verbose pkgid rukmyapp@1.0.0
16 verbose cwd C:\Appl\nodejs\rukmyapp
17 error Windows_NT 6.1.7601
18 error argv "node" "C:\\Users\\ruk\\AppData\\Roaming\\npm\\node_modules\\npm\\bin\\npm-cli.js" "start"
19 error node v0.12.7
20 error npm  v3.3.3
21 error code ELIFECYCLE
22 error rukmyapp@1.0.0 start: `node index.js`
22 error Exit status 1
23 error Failed at the rukmyapp@1.0.0 start script 'node index.js'.
23 error This is most likely a problem with the rukmyapp package,
23 error not with npm itself.
23 error Tell the author that this fails on your system:
23 error     node index.js
23 error You can get their info via:
23 error     npm owner ls rukmyapp
23 error There is likely additional logging output above.
24 verbose exit [ 1, true ]
